<?xml version="1.0" encoding="UTF-8"?>
<testsuite xmlns:xsi="http://www.w3.org/2001/XMLSchema-instance" xsi:noNamespaceSchemaLocation="https://maven.apache.org/surefire/maven-surefire-plugin/xsd/surefire-test-report.xsd" version="3.0.2" name="xyz.zalaya.sorting.algorithms.implementations.SelectionSortingAlgorithmTest" time="0.143" tests="28" errors="0" skipped="0" failures="0">
  <properties>
[...]
</properties>
  <testcase name="shouldSortArray(Comparable[], Comparable[])[1]" classname="xyz.zalaya.sorting.algorithms.implementations.SelectionSortingAlgorithmTest" time="0.028"/>
  <testcase name="shouldSortArray(Comparable[], Comparable[])[2]" classname="xyz.zalaya.sorting.algorithms.implementations.SelectionSortingAlgorithmTest" time="0.001"/>
  <testcase name="shouldSortArray(Comparable[], Comparable[])[3]" classname="xyz.zalaya.sorting.algorithms.implementations.SelectionSortingAlgorithmTest" time="0.0"/>
  <testcase name="shouldSortArray(Comparable[], Comparable[])[4]" classname="xyz.zalaya.sorting.algorithms.implementations.SelectionSortingAlgorithmTest" time="0.001"/>
  <testcase name="shouldSortArray(Comparable[], Comparable[])[5]" classname="xyz.zalaya.sorting.algorithms.implementations.SelectionSortingAlgorithmTest" time="0.001"/>
  <testcase name="shouldSortArray(Comparable[], Comparable[])[6]" classname="xyz.zalaya.sorting.algorithms.implementations.SelectionSortingAlgorithmTest" time="0.001"/>
  <testcase name="shouldSortArray(Comparable[], Comparable[])[7]" classname="xyz.zalaya.sorting.algorithms.implementations.SelectionSortingAlgorithmTest" time="0.002"/>
  <testcase name="shouldSortArray(Comparable[], Comparable[])[8]" classname="xyz.zalaya.sorting.algorithms.implementations.SelectionSortingAlgorithmTest" time="0.001"/>
  <testcase name="shouldSortArray(Comparable[], Comparable[])[9]" classname="xyz.zalaya.sorting.algorithms.implementations.SelectionSortingAlgorithmTest" time="0.001"/>
  <testcase name="shouldSortArray(Comparable[], Comparable[])[10]" classname="xyz.zalaya.sorting.algorithms.implementations.SelectionSortingAlgorithmTest" time="0.0"/>
  <testcase name="shouldSortArray(Comparable[], Comparable[])[11]" classname="xyz.zalaya.sorting.algorithms.implementations.SelectionSortingAlgorithmTest" time="0.001"/>
  <testcase name="shouldSortArray(Comparable[], Comparable[])[12]" classname="xyz.zalaya.sorting.algorithms.implementations.SelectionSortingAlgorithmTest" time="0.0"/>
  <testcase name="shouldSortArray(Comparable[], Comparable[])[13]" classname="xyz.zalaya.sorting.algorithms.implementations.SelectionSortingAlgorithmTest" time="0.0"/>
  <testcase name="shouldSortArray(Comparable[], Comparable[])[14]" classname="xyz.zalaya.sorting.algorithms.implementations.SelectionSortingAlgorithmTest" time="0.001"/>
  <testcase name="shouldSortArray(Comparable[], Comparable[])[15]" classname="xyz.zalaya.sorting.algorithms.implementations.SelectionSortingAlgorithmTest" time="0.0"/>
  <testcase name="shouldSortArray(Comparable[], Comparable[])[16]" classname="xyz.zalaya.sorting.algorithms.implementations.SelectionSortingAlgorithmTest" time="0.001"/>
  <testcase name="shouldSortArray(Comparable[], Comparable[])[17]" classname="xyz.zalaya.sorting.algorithms.implementations.SelectionSortingAlgorithmTest" time="0.001"/>
  <testcase name="shouldSortArray(Comparable[], Comparable[])[18]" classname="xyz.zalaya.sorting.algorithms.implementations.SelectionSortingAlgorithmTest" time="0.001"/>
  <testcase name="shouldSortArray(Comparable[], Comparable[])[19]" classname="xyz.zalaya.sorting.algorithms.implementations.SelectionSortingAlgorithmTest" time="0.001"/>
  <testcase name="shouldSortArray(Comparable[], Comparable[])[20]" classname="xyz.zalaya.sorting.algorithms.implementations.SelectionSortingAlgorithmTest" time="0.001"/>
  <testcase name="shouldSortArray(Comparable[], Comparable[])[21]" classname="xyz.zalaya.sorting.algorithms.implementations.SelectionSortingAlgorithmTest" time="0.001"/>
  <testcase name="shouldSortArray(Comparable[], Comparable[])[22]" classname="xyz.zalaya.sorting.algorithms.implementations.SelectionSortingAlgorithmTest" time="0.001"/>
  <testcase name="shouldSortArray(Comparable[], Comparable[])[23]" classname="xyz.zalaya.sorting.algorithms.implementations.SelectionSortingAlgorithmTest" time="0.0"/>
  <testcase name="shouldSortArray(Comparable[], Comparable[])[24]" classname="xyz.zalaya.sorting.algorithms.implementations.SelectionSortingAlgorithmTest" time="0.001"/>
  <testcase name="shouldSortArray(Comparable[], Comparable[])[25]" classname="xyz.zalaya.sorting.algorithms.implementations.SelectionSortingAlgorithmTest" time="0.001"/>
  <testcase name="shouldSortArray(Comparable[], Comparable[])[26]" classname="xyz.zalaya.sorting.algorithms.implementations.SelectionSortingAlgorithmTest" time="0.0"/>
  <testcase name="shouldSortArray(Comparable[], Comparable[])[27]" classname="xyz.zalaya.sorting.algorithms.implementations.SelectionSortingAlgorithmTest" time="0.001"/>
  <testcase name="shouldSortArray(Comparable[], Comparable[])[28]" classname="xyz.zalaya.sorting.algorithms.implementations.SelectionSortingAlgorithmTest" time="0.0"/>
</testsuite>